2025-06-29 15:56:35,475 - __main__ - INFO - 开始查找相似图片...
2025-06-29 15:56:35,476 - __main__ - INFO - 连接到数据库: C:\code\Face score PK\Backend\face_score_pk.db
2025-06-29 15:56:35,478 - __main__ - INFO - 查询所有照片记录...
2025-06-29 15:56:35,479 - __main__ - INFO - 数据库中共有 11 条记录
2025-06-29 15:56:35,480 - __main__ - INFO - 加载所有图片...
2025-06-29 15:56:35,482 - __main__ - INFO - 计算图片相似度矩阵...
2025-06-29 15:56:36,099 - __main__ - INFO - 发现 11 张相似图片:
2025-06-29 15:56:36,100 - __main__ - INFO - 保留记录: ID=24, 用户ID=7, URL=/uploads/7_fdf8b20f-cd64-4cc3-a784-c0f1359caa2c.jpg, 分数=92.88
2025-06-29 15:56:36,101 - __main__ - INFO - 删除相似记录: ID=20, 用户ID=7, URL=/uploads/7_360ced71-9b90-4050-a941-3225f1ca30cb.jpg, 分数=87.56
2025-06-29 15:56:36,103 - __main__ - INFO - 删除相似记录: ID=22, 用户ID=7, URL=/uploads/7_df81c031-7fdb-42b6-8f2b-7f5ad6f7ac12.jpg, 分数=79.69
2025-06-29 15:56:36,104 - __main__ - INFO - 删除相似记录: ID=17, 用户ID=7, URL=/uploads/7_c1be8a5c-89ee-4564-873c-b57bdef7fb49.jpg, 分数=72.63
2025-06-29 15:56:36,104 - __main__ - INFO - 删除相似记录: ID=1, 用户ID=3, URL=/uploads/1_02ab9c6c-702a-4336-b4ea-55e60dbc7398.jpg, 分数=69.5
2025-06-29 15:56:36,105 - __main__ - INFO - 删除相似记录: ID=16, 用户ID=7, URL=/uploads/7_b4f8673f-f2c9-40da-a294-d28d8b8b799a.jpg, 分数=63.0
2025-06-29 15:56:36,105 - __main__ - INFO - 删除相似记录: ID=15, 用户ID=7, URL=/uploads/7_9f7058b4-58dd-4cb1-a9e2-1e99d7503286.jpg, 分数=60.56
2025-06-29 15:56:36,105 - __main__ - INFO - 删除相似记录: ID=2, 用户ID=4, URL=/uploads/1_31e59d2f-6f3b-443a-a8c3-ef3284413487.jpg, 分数=44.66
2025-06-29 15:56:36,106 - __main__ - INFO - 删除相似记录: ID=5, 用户ID=7, URL=/uploads/7_73d48b9a-c25b-4dd1-9744-0e01be42a374.jpg, 分数=40.0
2025-06-29 15:56:36,106 - __main__ - INFO - 删除相似记录: ID=3, 用户ID=5, URL=/uploads/1_74abab7d-eab5-4043-9553-b9b3c1daf6dd.jpg, 分数=38.94
2025-06-29 15:56:36,107 - __main__ - INFO - 删除相似记录: ID=7, 用户ID=7, URL=/uploads/7_e4795cd3-85ea-482d-a3cb-94ba98467e9f.jpg, 分数=38.88
2025-06-29 15:56:36,111 - __main__ - INFO - 总共删除了 10 条相似记录
2025-06-29 15:56:36,111 - __main__ - INFO - 处理完成
